Fri 15 Sep 2023 05:13:49 PM UTC: 
 treemap.c | 10 +++++++++-
 1 file changed, 9 insertions(+), 1 deletion(-)
In file included from test.c:4:
treemap.c: In function ‘createTreeMap’:
treemap.c:42:5: error: expected ‘,’ or ‘;’ before ‘if’
   42 |     if (map != NULL) {
      |     ^~
treemap.c:47:8: error: ‘TreeMap’ has no member named ‘size’
   47 |     map->size = 0;
      |        ^~
treemap.c:48:23: error: ‘lt’ undeclared (first use in this function)
   48 |     map->lower_than = lt
      |                       ^~
treemap.c:48:23: note: each undeclared identifier is reported only once for each function it appears in
treemap.c:48:25: error: expected ‘;’ before ‘return’
   48 |     map->lower_than = lt
      |                         ^
      |                         ;
   49 | 
   50 |     return NULL;
      |     ~~~~~~               
treemap.c:51:1: error: control reaches end of non-void function [-Werror=return-type]
   51 | }
      | ^
cc1: all warnings being treated as errors
Compilation failed
5c69fba
Fri 15 Sep 2023 05:14:05 PM UTC: 
 treemap.c | 3 +--
 1 file changed, 1 insertion(+), 2 deletions(-)
In file included from test.c:4:
treemap.c: In function ‘createTreeMap’:
treemap.c:46:8: error: ‘TreeMap’ has no member named ‘size’
   46 |     map->size = 0;
      |        ^~
treemap.c:47:23: error: ‘lt’ undeclared (first use in this function)
   47 |     map->lower_than = lt
      |                       ^~
treemap.c:47:23: note: each undeclared identifier is reported only once for each function it appears in
treemap.c:47:25: error: expected ‘;’ before ‘return’
   47 |     map->lower_than = lt
      |                         ^
      |                         ;
   48 | 
   49 |     return NULL;
      |     ~~~~~~               
treemap.c:50:1: error: control reaches end of non-void function [-Werror=return-type]
   50 | }
      | ^
cc1: all warnings being treated as errors
Compilation failed
7f244fd
Fri 15 Sep 2023 05:23:46 PM UTC: 
 treemap.c | 2 +-
 1 file changed, 1 insertion(+), 1 deletion(-)
In file included from test.c:4:
treemap.c: In function ‘createTreeMap’:
treemap.c:46:8: error: ‘TreeMap’ has no member named ‘size’
   46 |     map->size = 0;
      |        ^~
treemap.c:47:23: error: ‘lt’ undeclared (first use in this function)
   47 |     map->lower_than = lt;
      |                       ^~
treemap.c:47:23: note: each undeclared identifier is reported only once for each function it appears in
Compilation failed
d2d2391
Fri 15 Sep 2023 05:24:07 PM UTC: 
 treemap.c | 2 +-
 1 file changed, 1 insertion(+), 1 deletion(-)
In file included from test.c:4:
treemap.c: In function ‘createTreeMap’:
treemap.c:46:8: error: ‘TreeMap’ has no member named ‘size’
   46 |     map->size = 0;
      |        ^~
treemap.c:47:23: error: ‘lt’ undeclared (first use in this function)
   47 |     map->lower_than = lt;
      |                       ^~
treemap.c:47:23: note: each undeclared identifier is reported only once for each function it appears in
Compilation failed
7e22acc
Fri 15 Sep 2023 05:27:33 PM UTC: 
 treemap.c | 2 +-
 1 file changed, 1 insertion(+), 1 deletion(-)
In file included from test.c:4:
treemap.c: In function ‘createTreeMap’:
treemap.c:47:23: error: ‘lt’ undeclared (first use in this function)
   47 |     map->lower_than = lt;
      |                       ^~
treemap.c:47:23: note: each undeclared identifier is reported only once for each function it appears in
Compilation failed
38cd5ce
Fri 15 Sep 2023 05:27:46 PM UTC: 
 treemap.c | 1 -
 1 file changed, 1 deletion(-)
 tests:  1|8
total_score: 0/70
0047ebd
Fri 15 Sep 2023 05:28:02 PM UTC: 
 treemap.c | 2 +-
 1 file changed, 1 insertion(+), 1 deletion(-)
 tests:  3|8
total_score: 0/70
783d44f
Fri 15 Sep 2023 05:28:44 PM UTC: 
 treemap.c | 2 +-
 1 file changed, 1 insertion(+), 1 deletion(-)
In file included from test.c:4:
treemap.c: In function ‘createTreeMap’:
treemap.c:48:5: error: expected ‘;’ before ‘return’
   48 |     return map;
      |     ^~~~~~
treemap.c:49:1: error: control reaches end of non-void function [-Werror=return-type]
   49 | }
      | ^
cc1: all warnings being treated as errors
Compilation failed
055cfbe
Fri 15 Sep 2023 05:28:51 PM UTC: 
 treemap.c | 2 +-
 1 file changed, 1 insertion(+), 1 deletion(-)
 tests:  3|8
total_score: 0/70
0f104f8
Fri 15 Sep 2023 05:29:09 PM UTC: 
 treemap.c | 2 +-
 1 file changed, 1 insertion(+), 1 deletion(-)
In file included from test.c:4:
treemap.c: In function ‘createTreeMap’:
treemap.c:47:21: error: ‘lt’ undeclared (first use in this function)
   47 |     map->lower_than=lt;
      |                     ^~
treemap.c:47:21: note: each undeclared identifier is reported only once for each function it appears in
Compilation failed
6620709
Fri 15 Sep 2023 05:30:15 PM UTC: 
 treemap.c | 2 +-
 1 file changed, 1 insertion(+), 1 deletion(-)
 tests:  4|7
total_score: 5/70
5fc887c
Fri 15 Sep 2023 05:34:55 PM UTC: 
 treemap.c | 9 +++++++++
 1 file changed, 9 insertions(+)
In file included from test.c:4:
treemap.c: In function ‘searchTreeMap’:
treemap.c:81:26: error: implicit declaration of function ‘searchNode’ [-Werror=implicit-function-declaration]
   81 |     TreeNode *resultNode=searchNode(tree->root,key,tree->lower_than);
      |                          ^~~~~~~~~~
treemap.c:81:26: error: initialization of ‘TreeNode *’ from ‘int’ makes pointer from integer without a cast [-Werror=int-conversion]
treemap.c:83:33: error: expected ‘;’ before ‘return’
   83 |         tree->current=resultNode
      |                                 ^
      |                                 ;
   84 |         return resultNode->pair
      |         ~~~~~~                   
treemap.c:87:5: error: expected ‘;’ before ‘}’ token
   87 |     }
      |     ^
treemap.c:88:1: error: control reaches end of non-void function [-Werror=return-type]
   88 | }
      | ^
cc1: all warnings being treated as errors
Compilation failed
3922322
Fri 15 Sep 2023 05:37:46 PM UTC: 
 treemap.c | 17 ++++++++++++-----
 1 file changed, 12 insertions(+), 5 deletions(-)
In file included from test.c:4:
treemap.c: In function ‘searchTreeMap’:
treemap.c:85:9: error: expected ‘,’ or ‘;’ before ‘if’
   85 |         if(compare_result > 0){
      |         ^~
treemap.c:87:10: error: ‘else’ without a previous ‘if’
   87 |         }else if(compare_result > 0){
      |          ^~~~
treemap.c:91:37: error: expected ‘;’ before ‘}’ token
   91 |             return currentNode->pair
      |                                     ^
      |                                     ;
   92 |         }
      |         ~                            
treemap.c:95:1: error: expected ‘;’ before ‘}’ token
   95 | }
      | ^
Compilation failed
d0c324b
Fri 15 Sep 2023 05:38:31 PM UTC: 
 treemap.c | 6 +++---
 1 file changed, 3 insertions(+), 3 deletions(-)
 tests:  6|7
total_score: 5/70
fc2806c
Fri 15 Sep 2023 05:40:20 PM UTC: 
 treemap.c | 2 +-
 1 file changed, 1 insertion(+), 1 deletion(-)
 tests:  6|7
total_score: 5/70
01a8fb5
Fri 15 Sep 2023 07:10:43 PM UTC: 
 treemap.c | 2 +-
 1 file changed, 1 insertion(+), 1 deletion(-)
 tests:  6|7
total_score: 5/70
e3ccd96
Fri 15 Sep 2023 07:22:33 PM UTC: 
 treemap.c | 70 +++++++++++++++++++++++++++++++++++++++++++++++++++------------
 1 file changed, 57 insertions(+), 13 deletions(-)
 tests:  11|6
total_score: 15/70
9377c47
Fri 15 Sep 2023 07:40:04 PM UTC: 
 treemap.c | 2 +-
 1 file changed, 1 insertion(+), 1 deletion(-)
In file included from test.c:4:
treemap.c: In function ‘createTreeNode’:
treemap.c:36:5: error: expected ‘;’ before ‘return’
   36 |     return new;
      |     ^~~~~~
treemap.c:37:1: error: control reaches end of non-void function [-Werror=return-type]
   37 | }
      | ^
cc1: all warnings being treated as errors
Compilation failed
3e1a6e1
Fri 15 Sep 2023 07:40:20 PM UTC: 
 treemap.c | 2 +-
 1 file changed, 1 insertion(+), 1 deletion(-)
 tests:  11|6
total_score: 15/70
9512402
Fri 15 Sep 2023 07:42:01 PM UTC: 
 treemap.c | 53 +++++++++++++++++++++++++++++++++++++++++++++++++++++
 1 file changed, 53 insertions(+)
In file included from test.c:4:
treemap.c: In function ‘removeNode’:
treemap.c:114:7: error: expected ‘;’ before ‘free’
  114 |       free(node);
      |       ^~~~
treemap.c:119:7: error: expected ‘;’ before ‘free’
  119 |       free(node);
      |       ^~~~
treemap.c:126:5: error: expected ‘,’ or ‘;’ before ‘node’
  126 |     node -> pair = aux -> pair;
      |     ^~~~
treemap.c:135:46: error: expected ‘;’ before ‘free’
  135 |       node -> left -> parent = node -> parent
      |                                              ^
      |                                              ;
  136 |       free(node);
      |       ~~~~                                    
treemap.c:145:3: error: expected expression before ‘}’ token
  145 |   }
      |   ^
treemap.c:145:3: error: ‘return’ with a value, in function returning void [-Werror=return-type]
treemap.c:108:6: note: declared here
  108 | void removeNode(TreeMap * tree, TreeNode* node) {
      |      ^~~~~~~~~~
treemap.c:161:3: error: expected expression before ‘}’ token
  161 |   }
      |   ^
treemap.c:161:3: error: ‘return’ with a value, in function returning void [-Werror=return-type]
treemap.c:108:6: note: declared here
  108 | void removeNode(TreeMap * tree, TreeNode* node) {
      |      ^~~~~~~~~~
cc1: all warnings being treated as errors
Compilation failed
f8593d1
Fri 15 Sep 2023 07:42:27 PM UTC: 
 treemap.c | 2 +-
 1 file changed, 1 insertion(+), 1 deletion(-)
In file included from test.c:4:
treemap.c: In function ‘removeNode’:
treemap.c:119:7: error: expected ‘;’ before ‘free’
  119 |       free(node);
      |       ^~~~
treemap.c:126:5: error: expected ‘,’ or ‘;’ before ‘node’
  126 |     node -> pair = aux -> pair;
      |     ^~~~
treemap.c:135:46: error: expected ‘;’ before ‘free’
  135 |       node -> left -> parent = node -> parent
      |                                              ^
      |                                              ;
  136 |       free(node);
      |       ~~~~                                    
treemap.c:145:3: error: expected expression before ‘}’ token
  145 |   }
      |   ^
treemap.c:145:3: error: ‘return’ with a value, in function returning void [-Werror=return-type]
treemap.c:108:6: note: declared here
  108 | void removeNode(TreeMap * tree, TreeNode* node) {
      |      ^~~~~~~~~~
treemap.c:161:3: error: expected expression before ‘}’ token
  161 |   }
      |   ^
treemap.c:161:3: error: ‘return’ with a value, in function returning void [-Werror=return-type]
treemap.c:108:6: note: declared here
  108 | void removeNode(TreeMap * tree, TreeNode* node) {
      |      ^~~~~~~~~~
cc1: all warnings being treated as errors
Compilation failed
3cf9eaa
Fri 15 Sep 2023 07:42:49 PM UTC: 
 treemap.c | 6 +++---
 1 file changed, 3 insertions(+), 3 deletions(-)
In file included from test.c:4:
treemap.c: In function ‘removeNode’:
treemap.c:126:5: error: expected ‘,’ or ‘;’ before ‘node’
  126 |     node -> pair = aux -> pair;
      |     ^~~~
treemap.c:145:3: error: expected expression before ‘}’ token
  145 |   }
      |   ^
treemap.c:145:3: error: ‘return’ with a value, in function returning void [-Werror=return-type]
treemap.c:108:6: note: declared here
  108 | void removeNode(TreeMap * tree, TreeNode* node) {
      |      ^~~~~~~~~~
cc1: all warnings being treated as errors
Compilation failed
a094541
Fri 15 Sep 2023 07:43:05 PM UTC: 
 treemap.c | 2 +-
 1 file changed, 1 insertion(+), 1 deletion(-)
In file included from test.c:4:
treemap.c: In function ‘removeNode’:
treemap.c:145:3: error: expected expression before ‘}’ token
  145 |   }
      |   ^
treemap.c:145:3: error: ‘return’ with a value, in function returning void [-Werror=return-type]
treemap.c:108:6: note: declared here
  108 | void removeNode(TreeMap * tree, TreeNode* node) {
      |      ^~~~~~~~~~
cc1: all warnings being treated as errors
Compilation failed
161ff01
Fri 15 Sep 2023 07:43:16 PM UTC: 
 treemap.c | 2 +-
 1 file changed, 1 insertion(+), 1 deletion(-)
 tests:  0|0
a365cff
Fri 15 Sep 2023 07:56:12 PM UTC: 
 treemap.c | 2 +-
 1 file changed, 1 insertion(+), 1 deletion(-)
In file included from test.c:4:
treemap.c:109:3: error: expected identifier or ‘(’ before ‘if’
  109 |   if (node -> left == NULL && node -> right == NULL)
      |   ^~
treemap.c:123:3: error: expected identifier or ‘(’ before ‘else’
  123 |   else if (node -> left != NULL && node -> right != NULL)
      |   ^~~~
treemap.c:130:3: error: expected identifier or ‘(’ before ‘else’
  130 |   else if (node -> left != NULL && node -> right == NULL)
      |   ^~~~
treemap.c:146:3: error: expected identifier or ‘(’ before ‘else’
  146 |   else
      |   ^~~~
treemap.c:163:1: error: expected identifier or ‘(’ before ‘}’ token
  163 | }
      | ^
treemap.c: In function ‘eraseTreeMap’:
treemap.c:170:5: error: implicit declaration of function ‘removeNode’; did you mean ‘remove’? [-Werror=implicit-function-declaration]
  170 |     removeNode(tree, node);
      |     ^~~~~~~~~~
      |     remove
cc1: all warnings being treated as errors
Compilation failed
7bc4d68
Fri 15 Sep 2023 07:56:34 PM UTC: 
 treemap.c | 54 ++----------------------------------------------------
 1 file changed, 2 insertions(+), 52 deletions(-)
In file included from test.c:4:
treemap.c:113:1: error: expected identifier or ‘(’ before ‘}’ token
  113 | }
      | ^
Compilation failed
7fe8dd9
Fri 15 Sep 2023 07:56:47 PM UTC: 
 treemap.c | 2 +-
 1 file changed, 1 insertion(+), 1 deletion(-)
 tests:  11|6
total_score: 15/70
475b6fc
Fri 15 Sep 2023 08:18:08 PM UTC: 
 treemap.c | 12 ++++++++----
 1 file changed, 8 insertions(+), 4 deletions(-)
In file included from test.c:4:
treemap.c: In function ‘insertTreeMap’:
treemap.c:54:5: error: expected expression before ‘}’ token
   54 |     }
      |     ^
treemap.c:54:5: error: ‘return’ with a value, in function returning void [-Werror=return-type]
treemap.c:51:6: note: declared here
   51 | void insertTreeMap(TreeMap * tree, void* key, void * value){
      |      ^~~~~~~~~~~~~
test.c:503:5: error: ‘main’ is normally a non-static function [-Werror=main]
  503 | int main( int argc, char *argv[] ) {
      |     ^~~~
test.c:606:1: error: expected declaration or statement at end of input
  606 | }
      | ^
At top level:
test.c:503:5: error: ‘main’ defined but not used [-Werror=unused-function]
  503 | int main( int argc, char *argv[] ) {
      |     ^~~~
cc1: all warnings being treated as errors
Compilation failed
cb661b4
Fri 15 Sep 2023 08:18:19 PM UTC: 
 treemap.c | 2 +-
 1 file changed, 1 insertion(+), 1 deletion(-)
test.c: In function ‘insertTreeMap’:
test.c:503:5: error: ‘main’ is normally a non-static function [-Werror=main]
  503 | int main( int argc, char *argv[] ) {
      |     ^~~~
test.c:606:1: error: expected declaration or statement at end of input
  606 | }
      | ^
At top level:
test.c:503:5: error: ‘main’ defined but not used [-Werror=unused-function]
  503 | int main( int argc, char *argv[] ) {
      |     ^~~~
cc1: all warnings being treated as errors
Compilation failed
832029a
Fri 15 Sep 2023 08:25:02 PM UTC: 
 treemap.c | 1 +
 1 file changed, 1 insertion(+)
 tests:  11|6
total_score: 15/70
e518579
Fri 15 Sep 2023 08:26:30 PM UTC: 
 treemap.c | 2 ++
 1 file changed, 2 insertions(+)
 tests:  11|6
total_score: 15/70
47739e3
